+----- Exporting from shot : I:/battlestar_2206/shots/longform_shot202 -----
| Exporting ch_panda_00
|      +---> I:/battlestar_2206/shots/longform_shot202/abc_fur/ch_panda_00/0009/ch_panda_00_fur.abc
+---------------------------------------------------------------------------

+----- Exporting from shot : I:/battlestar_2206/shots/longform_shot020 -----
| Exporting ch_panda_00
|      +---> I:/battlestar_2206/shots/longform_shot020/abc_fur/ch_panda_00/0013/ch_panda_00_fur.abc
| Exporting ch_roseKnight_00
|      +---> I:/battlestar_2206/shots/longform_shot020/abc_fur/ch_roseKnight_00/0010/ch_roseKnight_00_fur.abc
+---------------------------------------------------------------------------

+----- Exporting from shot : I:/battlestar_2206/shots/longform_shot030 -----
| Exporting ch_panda_00
|      +---> I:/battlestar_2206/shots/longform_shot030/abc_fur/ch_panda_00/0017/ch_panda_00_fur.abc
+---------------------------------------------------------------------------

+----- Exporting from shot : I:/battlestar_2206/shots/longform_shot040 -----
| Exporting ch_panda_00
|      +---> I:/battlestar_2206/shots/longform_shot040/abc_fur/ch_panda_00/0011/ch_panda_00_fur.abc
| Exporting ch_roseKnight_00
|      +---> I:/battlestar_2206/shots/longform_shot040/abc_fur/ch_roseKnight_00/0006/ch_roseKnight_00_fur.abc
+---------------------------------------------------------------------------

+----- Exporting from shot : I:/battlestar_2206/shots/longform_shot050 -----
| Exporting ch_panda_00
|      +---> I:/battlestar_2206/shots/longform_shot050/abc_fur/ch_panda_00/0012/ch_panda_00_fur.abc
| Exporting ch_roseKnight_00
|      +---> I:/battlestar_2206/shots/longform_shot050/abc_fur/ch_roseKnight_00/0011/ch_roseKnight_00_fur.abc
+---------------------------------------------------------------------------

+----- Exporting from shot : I:/battlestar_2206/shots/longform_shot060 -----
| Exporting ch_roseKnight_00
|      +---> I:/battlestar_2206/shots/longform_shot060/abc_fur/ch_roseKnight_00/0015/ch_roseKnight_00_fur.abc
+---------------------------------------------------------------------------

+----- Exporting from shot : I:/battlestar_2206/shots/longform_shot090 -----
| Exporting ch_panda_00
|      +---> I:/battlestar_2206/shots/longform_shot090/abc_fur/ch_panda_00/0008/ch_panda_00_fur.abc
| Exporting ch_roseKnight_00
|      +---> I:/battlestar_2206/shots/longform_shot090/abc_fur/ch_roseKnight_00/0007/ch_roseKnight_00_fur.abc
+---------------------------------------------------------------------------

+----- Exporting from shot : I:/battlestar_2206/shots/longform_shot100 -----
| Exporting ch_panda_00
|      +---> I:/battlestar_2206/shots/longform_shot100/abc_fur/ch_panda_00/0014/ch_panda_00_fur.abc
+---------------------------------------------------------------------------

+----- Exporting from shot : I:/battlestar_2206/shots/longform_shot110 -----
| Exporting ch_panda_00
|      +---> I:/battlestar_2206/shots/longform_shot110/abc_fur/ch_panda_00/0005/ch_panda_00_fur.abc
+---------------------------------------------------------------------------

+----- Exporting from shot : I:/battlestar_2206/shots/longform_shot120 -----
| Exporting ch_panda_00
|      +---> I:/battlestar_2206/shots/longform_shot120/abc_fur/ch_panda_00/0007/ch_panda_00_fur.abc
| Exporting ch_roseKnight_00
|      +---> I:/battlestar_2206/shots/longform_shot120/abc_fur/ch_roseKnight_00/0005/ch_roseKnight_00_fur.abc
+---------------------------------------------------------------------------

+----- Exporting from shot : I:/battlestar_2206/shots/longform_shot130 -----
| Exporting ch_panda_00
|      +---> I:/battlestar_2206/shots/longform_shot130/abc_fur/ch_panda_00/0002/ch_panda_00_fur.abc
| Exporting ch_roseKnight_00
|      +---> I:/battlestar_2206/shots/longform_shot130/abc_fur/ch_roseKnight_00/0002/ch_roseKnight_00_fur.abc
+---------------------------------------------------------------------------

+----- Exporting from shot : I:/battlestar_2206/shots/longform_shot140 -----
| Exporting ch_panda_00
|      +---> I:/battlestar_2206/shots/longform_shot140/abc_fur/ch_panda_00/0010/ch_panda_00_fur.abc
| Exporting ch_roseKnight_00
|      +---> I:/battlestar_2206/shots/longform_shot140/abc_fur/ch_roseKnight_00/0009/ch_roseKnight_00_fur.abc
+---------------------------------------------------------------------------

+----- Exporting from shot : I:/battlestar_2206/shots/longform_shot160 -----
| Exporting ch_panda_00
|      +---> I:/battlestar_2206/shots/longform_shot160/abc_fur/ch_panda_00/0009/ch_panda_00_fur.abc
| Exporting ch_roseKnight_00
|      +---> I:/battlestar_2206/shots/longform_shot160/abc_fur/ch_roseKnight_00/0009/ch_roseKnight_00_fur.abc
+---------------------------------------------------------------------------

+----- Exporting from shot : I:/battlestar_2206/shots/longform_shot170 -----
| Exporting ch_panda_00
|      +---> I:/battlestar_2206/shots/longform_shot170/abc_fur/ch_panda_00/0005/ch_panda_00_fur.abc
| Exporting ch_roseKnight_00
|      +---> I:/battlestar_2206/shots/longform_shot170/abc_fur/ch_roseKnight_00/0003/ch_roseKnight_00_fur.abc
+---------------------------------------------------------------------------

+----- Exporting from shot : I:/battlestar_2206/shots/longform_shot180 -----
| Exporting ch_panda_00
|      +---> I:/battlestar_2206/shots/longform_shot180/abc_fur/ch_panda_00/0009/ch_panda_00_fur.abc
| Exporting ch_roseKnight_00
|      +---> I:/battlestar_2206/shots/longform_shot180/abc_fur/ch_roseKnight_00/0008/ch_roseKnight_00_fur.abc
+---------------------------------------------------------------------------

+----- Exporting from shot : I:/battlestar_2206/shots/longform_shot200 -----
| Exporting ch_panda_00
|      +---> I:/battlestar_2206/shots/longform_shot200/abc_fur/ch_panda_00/0010/ch_panda_00_fur.abc
| Exporting ch_roseKnight_00
|      +---> I:/battlestar_2206/shots/longform_shot200/abc_fur/ch_roseKnight_00/0010/ch_roseKnight_00_fur.abc
+---------------------------------------------------------------------------

+----- Exporting from shot : I:/battlestar_2206/shots/longform_shot190 -----
| Exporting ch_panda_00
|      +---> I:/battlestar_2206/shots/longform_shot190/abc_fur/ch_panda_00/0002/ch_panda_00_fur.abc
| Exporting ch_roseKnight_00
|      +---> I:/battlestar_2206/shots/longform_shot190/abc_fur/ch_roseKnight_00/0002/ch_roseKnight_00_fur.abc
+---------------------------------------------------------------------------

+----- Exporting from shot : I:/battlestar_2206/shots/longform_shot230 -----
| Exporting ch_panda_00
|      +---> I:/battlestar_2206/shots/longform_shot230/abc_fur/ch_panda_00/0008/ch_panda_00_fur.abc
| Exporting ch_roseKnight_00
|      +---> I:/battlestar_2206/shots/longform_shot230/abc_fur/ch_roseKnight_00/0007/ch_roseKnight_00_fur.abc
+---------------------------------------------------------------------------

+----- Exporting from shot : I:/battlestar_2206/shots/longform_shot240 -----
| Exporting ch_panda_00
|      +---> I:/battlestar_2206/shots/longform_shot240/abc_fur/ch_panda_00/0010/ch_panda_00_fur.abc
| Exporting ch_roseKnight_00
|      +---> I:/battlestar_2206/shots/longform_shot240/abc_fur/ch_roseKnight_00/0009/ch_roseKnight_00_fur.abc
+---------------------------------------------------------------------------

